<?xml version="1.0" encoding="UTF-8" ?>
<testsuite errors="0" failures="0" hostname="Isaacs-MacBook-Pro-2.local" name="VertexTest" skipped="0" tests="7" time="0.211" timestamp="2019-11-18T04:32:00">
  <properties>
    <property name="gopherProxySet" value="false" />
    <property name="ant.library.dir" value="/usr/local/ant/lib" />
    <property name="awt.toolkit" value="sun.lwawt.macosx.LWCToolkit" />
    <property name="ant.file.type" value="file" />
    <property name="java.specification.version" value="11" />
    <property name="ant.project.name" value="shortestpaths" />
    <property name="sun.cpu.isalist" value="" />
    <property name="sun.jnu.encoding" value="UTF-8" />
    <property name="java.class.path" value="/usr/local/ant/lib/hamcrest-core-1.3.jar:/Users/isaacwithrow/IdeaProjects/EECS293/shortestpaths/build:/usr/local/ant/lib/junit-4.12.jar:/usr/local/ant/lib/ant-launcher.jar:/usr/local/ant/lib/ant.jar:/usr/local/ant/lib/ant-junit.jar:/usr/local/ant/lib/ant-junit4.jar" />
    <property name="java.vm.vendor" value="AdoptOpenJDK" />
    <property name="sun.arch.data.model" value="64" />
    <property name="java.vendor.url" value="https://adoptopenjdk.net/" />
    <property name="ant.file.shortestpaths" value="/Users/isaacwithrow/IdeaProjects/EECS293/shortestpaths/build.xml" />
    <property name="user.timezone" value="" />
    <property name="os.name" value="Mac OS X" />
    <property name="java.vm.specification.version" value="11" />
    <property name="user.country" value="US" />
    <property name="sun.java.launcher" value="SUN_STANDARD" />
    <property name="sun.boot.library.path" value="/Library/Java/JavaVirtualMachines/adoptopenjdk-11.jdk/Contents/Home/lib" />
    <property name="sun.java.command" value="org.apache.tools.ant.taskdefs.optional.junit.JUnitTestRunner VertexTest skipNonTests=false filtertrace=false haltOnError=false haltOnFailure=false formatter=org.apache.tools.ant.taskdefs.optional.junit.OutErrSummaryJUnitResultFormatter showoutput=false outputtoformatters=true logfailedtests=true threadid=0 logtestlistenerevents=false formatter=org.apache.tools.ant.taskdefs.optional.junit.XMLJUnitResultFormatter,/Users/isaacwithrow/IdeaProjects/EECS293/shortestpaths/report/junit/TEST-VertexTest.xml crashfile=/Users/isaacwithrow/IdeaProjects/EECS293/shortestpaths/junitvmwatcher3160006541256899271.properties propsfile=/Users/isaacwithrow/IdeaProjects/EECS293/shortestpaths/junit2592841616603326749.properties" />
    <property name="http.nonProxyHosts" value="local|*.local|169.254/16|*.169.254/16" />
    <property name="jdk.debug" value="release" />
    <property name="sun.cpu.endian" value="little" />
    <property name="user.home" value="/Users/isaacwithrow" />
    <property name="user.language" value="en" />
    <property name="java.specification.vendor" value="Oracle Corporation" />
    <property name="_jacoco.agentFile" value="/var/folders/mn/3khn8v2x161c13ws6rs76nlr0000gn/T/jacocoagent2799772868426725115.jar" />
    <property name="java.version.date" value="2019-07-16" />
    <property name="java.home" value="/Library/Java/JavaVirtualMachines/adoptopenjdk-11.jdk/Contents/Home" />
    <property name="basedir" value="/Users/isaacwithrow/IdeaProjects/EECS293/shortestpaths" />
    <property name="file.separator" value="/" />
    <property name="java.vm.compressedOopsMode" value="Zero based" />
    <property name="jacoco.file" value="report/jacoco/jacoco.exec" />
    <property name="line.separator" value="&#xa;" />
    <property name="ant.java.version" value="11" />
    <property name="java.specification.name" value="Java Platform API Specification" />
    <property name="java.vm.specification.vendor" value="Oracle Corporation" />
    <property name="doc.dir" value="doc" />
    <property name="java.awt.graphicsenv" value="sun.awt.CGraphicsEnvironment" />
    <property name="sun.management.compiler" value="HotSpot 64-Bit Tiered Compilers" />
    <property name="ftp.nonProxyHosts" value="local|*.local|169.254/16|*.169.254/16" />
    <property name="java.runtime.version" value="11.0.4+11" />
    <property name="user.name" value="isaacwithrow" />
    <property name="ant.file" value="/Users/isaacwithrow/IdeaProjects/EECS293/shortestpaths/build.xml" />
    <property name="path.separator" value=":" />
    <property name="os.version" value="10.14.5" />
    <property name="jacoco.dir" value="report/jacoco" />
    <property name="java.runtime.name" value="OpenJDK Runtime Environment" />
    <property name="file.encoding" value="UTF-8" />
    <property name="ant.project.invoked-targets" value="report" />
    <property name="java.vm.name" value="OpenJDK 64-Bit Server VM" />
    <property name="java.vendor.version" value="AdoptOpenJDK" />
    <property name="report.dir" value="report" />
    <property name="junit.dir" value="report/junit" />
    <property name="ant.core.lib" value="/usr/local/ant/lib/ant.jar" />
    <property name="build.dir" value="build" />
    <property name="java.vendor.url.bug" value="https://github.com/AdoptOpenJDK/openjdk-build/issues" />
    <property name="java.io.tmpdir" value="/var/folders/mn/3khn8v2x161c13ws6rs76nlr0000gn/T/" />
    <property name="java.version" value="11.0.4" />
    <property name="user.dir" value="/Users/isaacwithrow/IdeaProjects/EECS293/shortestpaths" />
    <property name="os.arch" value="x86_64" />
    <property name="java.vm.specification.name" value="Java Virtual Machine Specification" />
    <property name="java.awt.printerjob" value="sun.lwawt.macosx.CPrinterJob" />
    <property name="ant.home" value="/usr/local/ant" />
    <property name="sun.os.patch.level" value="unknown" />
    <property name="ant.file.type.shortestpaths" value="file" />
    <property name="ant.version" value="Apache Ant(TM) version 1.10.7 compiled on September 1 2019" />
    <property name="java.library.path" value="/Users/isaacwithrow/Library/Java/Extensions:/Library/Java/Extensions:/Network/Library/Java/Extensions:/System/Library/Java/Extensions:/usr/lib/java:." />
    <property name="java.vendor" value="AdoptOpenJDK" />
    <property name="java.vm.info" value="mixed mode" />
    <property name="java.vm.version" value="11.0.4+11" />
    <property name="sun.io.unicode.encoding" value="UnicodeBig" />
    <property name="socksNonProxyHosts" value="local|*.local|169.254/16|*.169.254/16" />
    <property name="java.class.version" value="55.0" />
    <property name="src.dir" value="src" />
  </properties>
  <testcase classname="VertexTest" name="validVertex" time="0.004" />
  <testcase classname="VertexTest" name="equalsOtherNull" time="0.0" />
  <testcase classname="VertexTest" name="invalidVertex" time="0.0" />
  <testcase classname="VertexTest" name="equalsOtherDifferentClass" time="0.0" />
  <testcase classname="VertexTest" name="hashCodeValid" time="0.0" />
  <testcase classname="VertexTest" name="equalsSameObject" time="0.0" />
  <testcase classname="VertexTest" name="equalsSameName" time="0.0" />
  <system-out><![CDATA[]]></system-out>
  <system-err><![CDATA[]]></system-err>
</testsuite>
