<?xml version="1.0" encoding="UTF-8" ?>
<testsuite errors="1" failures="0" hostname="Isaacs-MacBook-Pro-2.local" name="GraphTest" skipped="0" tests="27" time="86.184" timestamp="2019-11-18T04:30:33">
  <properties>
    <property name="gopherProxySet" value="false" />
    <property name="ant.library.dir" value="/usr/local/ant/lib" />
    <property name="awt.toolkit" value="sun.lwawt.macosx.LWCToolkit" />
    <property name="ant.file.type" value="file" />
    <property name="java.specification.version" value="11" />
    <property name="ant.project.name" value="shortestpaths" />
    <property name="sun.cpu.isalist" value="" />
    <property name="sun.jnu.encoding" value="UTF-8" />
    <property name="java.class.path" value="/usr/local/ant/lib/hamcrest-core-1.3.jar:/Users/isaacwithrow/IdeaProjects/EECS293/shortestpaths/build:/usr/local/ant/lib/junit-4.12.jar:/usr/local/ant/lib/ant-launcher.jar:/usr/local/ant/lib/ant.jar:/usr/local/ant/lib/ant-junit.jar:/usr/local/ant/lib/ant-junit4.jar" />
    <property name="java.vm.vendor" value="AdoptOpenJDK" />
    <property name="sun.arch.data.model" value="64" />
    <property name="java.vendor.url" value="https://adoptopenjdk.net/" />
    <property name="ant.file.shortestpaths" value="/Users/isaacwithrow/IdeaProjects/EECS293/shortestpaths/build.xml" />
    <property name="user.timezone" value="" />
    <property name="os.name" value="Mac OS X" />
    <property name="java.vm.specification.version" value="11" />
    <property name="user.country" value="US" />
    <property name="sun.java.launcher" value="SUN_STANDARD" />
    <property name="sun.boot.library.path" value="/Library/Java/JavaVirtualMachines/adoptopenjdk-11.jdk/Contents/Home/lib" />
    <property name="sun.java.command" value="org.apache.tools.ant.taskdefs.optional.junit.JUnitTestRunner GraphTest skipNonTests=false filtertrace=false haltOnError=false haltOnFailure=false formatter=org.apache.tools.ant.taskdefs.optional.junit.OutErrSummaryJUnitResultFormatter showoutput=false outputtoformatters=true logfailedtests=true threadid=0 logtestlistenerevents=false formatter=org.apache.tools.ant.taskdefs.optional.junit.XMLJUnitResultFormatter,/Users/isaacwithrow/IdeaProjects/EECS293/shortestpaths/report/junit/TEST-GraphTest.xml crashfile=/Users/isaacwithrow/IdeaProjects/EECS293/shortestpaths/junitvmwatcher10660118790472675238.properties propsfile=/Users/isaacwithrow/IdeaProjects/EECS293/shortestpaths/junit11243059763443330471.properties" />
    <property name="http.nonProxyHosts" value="local|*.local|169.254/16|*.169.254/16" />
    <property name="jdk.debug" value="release" />
    <property name="sun.cpu.endian" value="little" />
    <property name="user.home" value="/Users/isaacwithrow" />
    <property name="user.language" value="en" />
    <property name="java.specification.vendor" value="Oracle Corporation" />
    <property name="_jacoco.agentFile" value="/var/folders/mn/3khn8v2x161c13ws6rs76nlr0000gn/T/jacocoagent2799772868426725115.jar" />
    <property name="java.version.date" value="2019-07-16" />
    <property name="java.home" value="/Library/Java/JavaVirtualMachines/adoptopenjdk-11.jdk/Contents/Home" />
    <property name="basedir" value="/Users/isaacwithrow/IdeaProjects/EECS293/shortestpaths" />
    <property name="file.separator" value="/" />
    <property name="java.vm.compressedOopsMode" value="Zero based" />
    <property name="jacoco.file" value="report/jacoco/jacoco.exec" />
    <property name="line.separator" value="&#xa;" />
    <property name="ant.java.version" value="11" />
    <property name="java.specification.name" value="Java Platform API Specification" />
    <property name="java.vm.specification.vendor" value="Oracle Corporation" />
    <property name="doc.dir" value="doc" />
    <property name="java.awt.graphicsenv" value="sun.awt.CGraphicsEnvironment" />
    <property name="sun.management.compiler" value="HotSpot 64-Bit Tiered Compilers" />
    <property name="ftp.nonProxyHosts" value="local|*.local|169.254/16|*.169.254/16" />
    <property name="java.runtime.version" value="11.0.4+11" />
    <property name="user.name" value="isaacwithrow" />
    <property name="ant.file" value="/Users/isaacwithrow/IdeaProjects/EECS293/shortestpaths/build.xml" />
    <property name="path.separator" value=":" />
    <property name="os.version" value="10.14.5" />
    <property name="jacoco.dir" value="report/jacoco" />
    <property name="java.runtime.name" value="OpenJDK Runtime Environment" />
    <property name="file.encoding" value="UTF-8" />
    <property name="ant.project.invoked-targets" value="report" />
    <property name="java.vm.name" value="OpenJDK 64-Bit Server VM" />
    <property name="java.vendor.version" value="AdoptOpenJDK" />
    <property name="report.dir" value="report" />
    <property name="junit.dir" value="report/junit" />
    <property name="ant.core.lib" value="/usr/local/ant/lib/ant.jar" />
    <property name="build.dir" value="build" />
    <property name="java.vendor.url.bug" value="https://github.com/AdoptOpenJDK/openjdk-build/issues" />
    <property name="java.io.tmpdir" value="/var/folders/mn/3khn8v2x161c13ws6rs76nlr0000gn/T/" />
    <property name="java.version" value="11.0.4" />
    <property name="user.dir" value="/Users/isaacwithrow/IdeaProjects/EECS293/shortestpaths" />
    <property name="os.arch" value="x86_64" />
    <property name="java.vm.specification.name" value="Java Virtual Machine Specification" />
    <property name="java.awt.printerjob" value="sun.lwawt.macosx.CPrinterJob" />
    <property name="ant.home" value="/usr/local/ant" />
    <property name="sun.os.patch.level" value="unknown" />
    <property name="ant.file.type.shortestpaths" value="file" />
    <property name="ant.version" value="Apache Ant(TM) version 1.10.7 compiled on September 1 2019" />
    <property name="java.library.path" value="/Users/isaacwithrow/Library/Java/Extensions:/Library/Java/Extensions:/Network/Library/Java/Extensions:/System/Library/Java/Extensions:/usr/lib/java:." />
    <property name="java.vendor" value="AdoptOpenJDK" />
    <property name="java.vm.info" value="mixed mode" />
    <property name="java.vm.version" value="11.0.4+11" />
    <property name="sun.io.unicode.encoding" value="UnicodeBig" />
    <property name="socksNonProxyHosts" value="local|*.local|169.254/16|*.169.254/16" />
    <property name="java.class.version" value="55.0" />
    <property name="src.dir" value="src" />
  </properties>
  <testcase classname="GraphTest" name="containsTrue" time="0.008" />
  <testcase classname="GraphTest" name="edgeWeightNoSourceOrDestination" time="0.001" />
  <testcase classname="GraphTest" name="containsFalse" time="0.0" />
  <testcase classname="GraphTest" name="dijkstraInvalidSketchNoSourceInGraph" time="0.015" />
  <testcase classname="GraphTest" name="edgeWeightValid" time="0.001" />
  <testcase classname="GraphTest" name="stressTestBigGraph" time="85.552" />
  <testcase classname="GraphTest" name="pathCostLessThanTwoVertices" time="0.001" />
  <testcase classname="GraphTest" name="pathCostValidPath" time="0.001" />
  <testcase classname="GraphTest" name="edgeWeightNoSource" time="0.001" />
  <testcase classname="GraphTest" name="edgeWeightFF" time="0.0" />
  <testcase classname="GraphTest" name="edgeWeightFT" time="0.0" />
  <testcase classname="GraphTest" name="edgeWeightTF" time="0.0" />
  <testcase classname="GraphTest" name="pathCostInvalidPath" time="0.0" />
  <testcase classname="GraphTest" name="validatePathInputSourceEqualsDestination" time="0.014">
    <error message="source and destination vertex can&apos;t be the same" type="InvalidPathException">InvalidPathException: source and destination vertex can&apos;t be the same
	at Graph.validatePathInput(Graph.java:143)
	at Graph$TestHook.validatePathInput(Graph.java:274)
	at GraphTest.validatePathInputSourceEqualsDestination(GraphTest.java:240)
	at java.base/jdk.internal.reflect.NativeMethodAccessorImpl.invoke0(Native Method)
	at java.base/jdk.internal.reflect.NativeMethodAccessorImpl.invoke(NativeMethodAccessorImpl.java:62)
	at java.base/jdk.internal.reflect.DelegatingMethodAccessorImpl.invoke(DelegatingMethodAccessorImpl.java:43)
	at java.base/java.lang.reflect.Method.invoke(Method.java:566)
	at org.junit.runners.model.FrameworkMethod$1.runReflectiveCall(FrameworkMethod.java:50)
	at org.junit.internal.runners.model.ReflectiveCallable.run(ReflectiveCallable.java:12)
	at org.junit.runners.model.FrameworkMethod.invokeExplosively(FrameworkMethod.java:47)
	at org.junit.internal.runners.statements.InvokeMethod.evaluate(InvokeMethod.java:17)
	at org.junit.runners.ParentRunner.runLeaf(ParentRunner.java:325)
	at org.junit.runners.BlockJUnit4ClassRunner.runChild(BlockJUnit4ClassRunner.java:78)
	at org.junit.runners.BlockJUnit4ClassRunner.runChild(BlockJUnit4ClassRunner.java:57)
	at org.junit.runners.ParentRunner$3.run(ParentRunner.java:290)
	at org.junit.runners.ParentRunner$1.schedule(ParentRunner.java:71)
	at org.junit.runners.ParentRunner.runChildren(ParentRunner.java:288)
	at org.junit.runners.ParentRunner.access$000(ParentRunner.java:58)
	at org.junit.runners.ParentRunner$2.evaluate(ParentRunner.java:268)
	at org.junit.runners.ParentRunner.run(ParentRunner.java:363)
	at junit.framework.JUnit4TestAdapter.run(JUnit4TestAdapter.java:38)
	at org.apache.tools.ant.taskdefs.optional.junit.JUnitTestRunner.run(JUnitTestRunner.java:534)
	at org.apache.tools.ant.taskdefs.optional.junit.JUnitTestRunner.launch(JUnitTestRunner.java:1196)
	at org.apache.tools.ant.taskdefs.optional.junit.JUnitTestRunner.main(JUnitTestRunner.java:1041)
</error>
  </testcase>
  <testcase classname="GraphTest" name="dijkstraValidNominalSimple" time="0.001" />
  <testcase classname="GraphTest" name="pathCostDoesNotContainVertex" time="0.0" />
  <testcase classname="GraphTest" name="removeIfExistingRemove" time="0.0" />
  <testcase classname="GraphTest" name="validGraph" time="0.0" />
  <testcase classname="GraphTest" name="invalidGraphNullVertices" time="0.0" />
  <testcase classname="GraphTest" name="addEdgeDoesNotContain" time="0.0" />
  <testcase classname="GraphTest" name="stressTestLotsSmallGraphs" time="0.415" />
  <testcase classname="GraphTest" name="dijkstraInvalidSketchNoDestinationInGraph" time="0.0" />
  <testcase classname="GraphTest" name="addEdgeContains" time="0.0" />
  <testcase classname="GraphTest" name="adjacencyMatrixInvalidEdge" time="0.0" />
  <testcase classname="GraphTest" name="dijkstraValidSketch" time="0.0" />
  <testcase classname="GraphTest" name="edgeWeightNoDestination" time="0.0" />
  <testcase classname="GraphTest" name="invalidGraphNullEdges" time="0.0" />
  <system-out><![CDATA[]]></system-out>
  <system-err><![CDATA[]]></system-err>
</testsuite>
